# JRE version: Java(TM) SE Runtime Environment (8.0_144-b01) (build 1.8.0_144-b01)
# Java VM: Java HotSpot(TM) 64-Bit Server VM (25.144-b01 mixed mode linux-amd64 compressed oops)
Heap:
 PSYoungGen      total 296448K, used 296448K [0x00000000d6980000, 0x00000000f9f00000, 0x0000000100000000)
  eden space 99840K, 100% used [0x00000000d6980000,0x00000000dcb00000,0x00000000dcb00000)
  from space 196608K, 100% used [0x00000000ea780000,0x00000000f6780000,0x00000000f6780000)
  to   space 225792K, 44% used [0x00000000dcb00000,0x00000000e2ca8000,0x00000000ea780000)
 ParOldGen       total 1357312K, used 1357307K [0x0000000083c00000, 0x00000000d6980000, 0x00000000d6980000)
  object space 1357312K, 99% used [0x0000000083c00000,0x00000000d697ee70,0x00000000d6980000)
 Metaspace       used 7082K, capacity 7338K, committed 7680K, reserved 1056768K
  class space    used 817K, capacity 913K, committed 1024K, reserved 1048576K
GC Heap History (10 events):
Event: 21.866 GC heap after
Heap after GC invocations=28 (full 6):
 PSYoungGen      total 304640K, used 84672K [0x00000000d6980000, 0x00000000f7080000, 0x0000000100000000)
  eden space 84480K, 0% used [0x00000000d6980000,0x00000000d6980000,0x00000000dbc00000)
  from space 220160K, 38% used [0x00000000dbc00000,0x00000000e0eb0000,0x00000000e9300000)
  to   space 212480K, 0% used [0x00000000ea100000,0x00000000ea100000,0x00000000f7080000)
 ParOldGen       total 1305088K, used 939622K [0x0000000083c00000, 0x00000000d3680000, 0x00000000d6980000)
  object space 1305088K, 71% used [0x0000000083c00000,0x00000000bd199970,0x00000000d3680000)
 Metaspace       used 7082K, capacity 7338K, committed 7680K, reserved 1056768K
  class space    used 817K, capacity 913K, committed 1024K, reserved 1048576K
}
Event: 22.121 GC heap before
{Heap before GC invocations=29 (full 6):
 PSYoungGen      total 304640K, used 169152K [0x00000000d6980000, 0x00000000f7080000, 0x0000000100000000)
  eden space 84480K, 100% used [0x00000000d6980000,0x00000000dbc00000,0x00000000dbc00000)
  from space 220160K, 38% used [0x00000000dbc00000,0x00000000e0eb0000,0x00000000e9300000)
  to   space 212480K, 0% used [0x00000000ea100000,0x00000000ea100000,0x00000000f7080000)
 ParOldGen       total 1305088K, used 1122151K [0x0000000083c00000, 0x00000000d3680000, 0x00000000d6980000)
  object space 1305088K, 85% used [0x0000000083c00000,0x00000000c83d9cd0,0x00000000d3680000)
 Metaspace       used 7082K, capacity 7338K, committed 7680K, reserved 1056768K
  class space    used 817K, capacity 913K, committed 1024K, reserved 1048576K
Event: 22.718 GC heap after
Heap after GC invocations=29 (full 6):
 PSYoungGen      total 304640K, used 84672K [0x00000000d6980000, 0x00000000f6200000, 0x0000000100000000)
  eden space 107008K, 0% used [0x00000000d6980000,0x00000000d6980000,0x00000000dd200000)
  from space 197632K, 42% used [0x00000000ea100000,0x00000000ef3b0000,0x00000000f6200000)
  to   space 204800K, 0% used [0x00000000dd200000,0x00000000dd200000,0x00000000e9a00000)
 ParOldGen       total 1305088K, used 1206991K [0x0000000083c00000, 0x00000000d3680000, 0x00000000d6980000)
  object space 1305088K, 92% used [0x0000000083c00000,0x00000000cd6b3cd0,0x00000000d3680000)
 Metaspace       used 7082K, capacity 7338K, committed 7680K, reserved 1056768K
  class space    used 817K, capacity 913K, committed 1024K, reserved 1048576K
}
Event: 22.718 GC heap before
{Heap before GC invocations=30 (full 7):
 PSYoungGen      total 304640K, used 84672K [0x00000000d6980000, 0x00000000f6200000, 0x0000000100000000)
  eden space 107008K, 0% used [0x00000000d6980000,0x00000000d6980000,0x00000000dd200000)
  from space 197632K, 42% used [0x00000000ea100000,0x00000000ef3b0000,0x00000000f6200000)
  to   space 204800K, 0% used [0x00000000dd200000,0x00000000dd200000,0x00000000e9a00000)
 ParOldGen       total 1305088K, used 1206991K [0x0000000083c00000, 0x00000000d3680000, 0x00000000d6980000)
  object space 1305088K, 92% used [0x0000000083c00000,0x00000000cd6b3cd0,0x00000000d3680000)
 Metaspace       used 7082K, capacity 7338K, committed 7680K, reserved 1056768K
  class space    used 817K, capacity 913K, committed 1024K, reserved 1048576K
Event: 36.015 GC heap after
Heap after GC invocations=30 (full 7):
 PSYoungGen      total 304640K, used 0K [0x00000000d6980000, 0x00000000f6200000, 0x0000000100000000)
  eden space 107008K, 0% used [0x00000000d6980000,0x00000000d6980000,0x00000000dd200000)
  from space 197632K, 0% used [0x00000000ea100000,0x00000000ea100000,0x00000000f6200000)
  to   space 204800K, 0% used [0x00000000dd200000,0x00000000dd200000,0x00000000e9a00000)
 ParOldGen       total 1357312K, used 1169275K [0x0000000083c00000, 0x00000000d6980000, 0x00000000d6980000)
  object space 1357312K, 86% used [0x0000000083c00000,0x00000000cb1dee70,0x00000000d6980000)
 Metaspace       used 7082K, capacity 7338K, committed 7680K, reserved 1056768K
  class space    used 817K, capacity 913K, committed 1024K, reserved 1048576K
}
Event: 37.825 GC heap before
{Heap before GC invocations=31 (full 7):
 PSYoungGen      total 304640K, used 107008K [0x00000000d6980000, 0x00000000f6200000, 0x0000000100000000)
  eden space 107008K, 100% used [0x00000000d6980000,0x00000000dd200000,0x00000000dd200000)
  from space 197632K, 0% used [0x00000000ea100000,0x00000000ea100000,0x00000000f6200000)
  to   space 204800K, 0% used [0x00000000dd200000,0x00000000dd200000,0x00000000e9a00000)
 ParOldGen       total 1357312K, used 1169275K [0x0000000083c00000, 0x00000000d6980000, 0x00000000d6980000)
  object space 1357312K, 86% used [0x0000000083c00000,0x00000000cb1dee70,0x00000000d6980000)
 Metaspace       used 7082K, capacity 7338K, committed 7680K, reserved 1056768K
  class space    used 817K, capacity 913K, committed 1024K, reserved 1048576K
Event: 39.253 GC heap after
Heap after GC invocations=31 (full 7):
 PSYoungGen      total 311808K, used 107168K [0x00000000d6980000, 0x00000000f6780000, 0x0000000100000000)
  eden space 107008K, 0% used [0x00000000d6980000,0x00000000d6980000,0x00000000dd200000)
  from space 204800K, 52% used [0x00000000dd200000,0x00000000e3aa8000,0x00000000e9a00000)
  to   space 196608K, 0% used [0x00000000ea780000,0x00000000ea780000,0x00000000f6780000)
 ParOldGen       total 1357312K, used 1169275K [0x0000000083c00000, 0x00000000d6980000, 0x00000000d6980000)
  object space 1357312K, 86% used [0x0000000083c00000,0x00000000cb1dee70,0x00000000d6980000)
 Metaspace       used 7082K, capacity 7338K, committed 7680K, reserved 1056768K
  class space    used 817K, capacity 913K, committed 1024K, reserved 1048576K
}
Event: 39.333 GC heap before
{Heap before GC invocations=32 (full 7):
 PSYoungGen      total 311808K, used 214176K [0x00000000d6980000, 0x00000000f6780000, 0x0000000100000000)
  eden space 107008K, 100% used [0x00000000d6980000,0x00000000dd200000,0x00000000dd200000)
  from space 204800K, 52% used [0x00000000dd200000,0x00000000e3aa8000,0x00000000e9a00000)
  to   space 196608K, 0% used [0x00000000ea780000,0x00000000ea780000,0x00000000f6780000)
 ParOldGen       total 1357312K, used 1169275K [0x0000000083c00000, 0x00000000d6980000, 0x00000000d6980000)
  object space 1357312K, 86% used [0x0000000083c00000,0x00000000cb1dee70,0x00000000d6980000)
 Metaspace       used 7082K, capacity 7338K, committed 7680K, reserved 1056768K
  class space    used 817K, capacity 913K, committed 1024K, reserved 1048576K
Event: 55.321 GC heap after
Heap after GC invocations=32 (full 7):
 PSYoungGen      total 296448K, used 196608K [0x00000000d6980000, 0x00000000f9f00000, 0x0000000100000000)
  eden space 99840K, 0% used [0x00000000d6980000,0x00000000d6980000,0x00000000dcb00000)
  from space 196608K, 100% used [0x00000000ea780000,0x00000000f6780000,0x00000000f6780000)
  to   space 225792K, 0% used [0x00000000dcb00000,0x00000000dcb00000,0x00000000ea780000)
 ParOldGen       total 1357312K, used 1187099K [0x0000000083c00000, 0x00000000d6980000, 0x00000000d6980000)
  object space 1357312K, 87% used [0x0000000083c00000,0x00000000cc346e70,0x00000000d6980000)
 Metaspace       used 7082K, capacity 7338K, committed 7680K, reserved 1056768K
  class space    used 817K, capacity 913K, committed 1024K, reserved 1048576K
}
Event: 55.802 GC heap before
{Heap before GC invocations=33 (full 7):
 PSYoungGen      total 296448K, used 296448K [0x00000000d6980000, 0x00000000f9f00000, 0x0000000100000000)
  eden space 99840K, 100% used [0x00000000d6980000,0x00000000dcb00000,0x00000000dcb00000)
  from space 196608K, 100% used [0x00000000ea780000,0x00000000f6780000,0x00000000f6780000)
  to   space 225792K, 0% used [0x00000000dcb00000,0x00000000dcb00000,0x00000000ea780000)
 ParOldGen       total 1357312K, used 1187099K [0x0000000083c00000, 0x00000000d6980000, 0x00000000d6980000)
  object space 1357312K, 87% used [0x0000000083c00000,0x00000000cc346e70,0x00000000d6980000)
 Metaspace       used 7082K, capacity 7338K, committed 7680K, reserved 1056768K
  class space    used 817K, capacity 913K, committed 1024K, reserved 1048576K

