# JRE version: Java(TM) SE Runtime Environment (8.0_151-b12) (build 1.8.0_151-b12)
# Java VM: Java HotSpot(TM) 64-Bit Server VM (25.151-b12 mixed mode linux-amd64 compressed oops)
Heap:
 garbage-first heap   total 284672K, used 193915K [0x00000000c0000000, 0x00000000c01008b0, 0x0000000100000000)
  region size 1024K, 33 young (33792K), 2 survivors (2048K)
 Metaspace       used 179641K, capacity 198633K, committed 200272K, reserved 1222656K
  class space    used 21809K, capacity 27032K, committed 27520K, reserved 1048576K
GC Heap History (10 events):
Event: 2590,141 GC heap before
{Heap before GC invocations=220 (full 0):
 garbage-first heap   total 263168K, used 233915K [0x00000000c0000000, 0x00000000c0100808, 0x0000000100000000)
  region size 1024K, 80 young (81920K), 2 survivors (2048K)
 Metaspace       used 179579K, capacity 198355K, committed 198992K, reserved 1220608K
  class space    used 21891K, capacity 27170K, committed 27264K, reserved 1048576K
Event: 2590,160 GC heap after
Heap after GC invocations=221 (full 0):
 garbage-first heap   total 263168K, used 154266K [0x00000000c0000000, 0x00000000c0100808, 0x0000000100000000)
  region size 1024K, 3 young (3072K), 3 survivors (3072K)
 Metaspace       used 179579K, capacity 198355K, committed 198992K, reserved 1220608K
  class space    used 21891K, capacity 27170K, committed 27264K, reserved 1048576K
}
Event: 2658,324 GC heap before
{Heap before GC invocations=221 (full 0):
 garbage-first heap   total 263168K, used 232090K [0x00000000c0000000, 0x00000000c0100808, 0x0000000100000000)
  region size 1024K, 79 young (80896K), 3 survivors (3072K)
 Metaspace       used 180219K, capacity 199119K, committed 199632K, reserved 1222656K
  class space    used 21976K, capacity 27248K, committed 27392K, reserved 1048576K
Event: 2658,334 GC heap after
Heap after GC invocations=222 (full 0):
 garbage-first heap   total 263168K, used 156446K [0x00000000c0000000, 0x00000000c0100808, 0x0000000100000000)
  region size 1024K, 5 young (5120K), 5 survivors (5120K)
 Metaspace       used 180219K, capacity 199119K, committed 199632K, reserved 1222656K
  class space    used 21976K, capacity 27248K, committed 27392K, reserved 1048576K
}
Event: 2660,507 GC heap before
{Heap before GC invocations=223 (full 0):
 garbage-first heap   total 278528K, used 272413K [0x00000000c0000000, 0x00000000c0100880, 0x0000000100000000)
  region size 1024K, 55 young (56320K), 5 survivors (5120K)
 Metaspace       used 180825K, capacity 199791K, committed 200272K, reserved 1222656K
  class space    used 22056K, capacity 27382K, committed 27520K, reserved 1048576K
Event: 2660,516 GC heap after
Heap after GC invocations=224 (full 0):
 garbage-first heap   total 284672K, used 159348K [0x00000000c0000000, 0x00000000c01008b0, 0x0000000100000000)
  region size 1024K, 6 young (6144K), 6 survivors (6144K)
 Metaspace       used 180825K, capacity 199791K, committed 200272K, reserved 1222656K
  class space    used 22056K, capacity 27382K, committed 27520K, reserved 1048576K
}
Event: 2660,656 GC heap before
{Heap before GC invocations=224 (full 0):
 garbage-first heap   total 284672K, used 179947K [0x00000000c0000000, 0x00000000c01008b0, 0x0000000100000000)
  region size 1024K, 13 young (13312K), 6 survivors (6144K)
 Metaspace       used 180825K, capacity 199791K, committed 200272K, reserved 1222656K
  class space    used 22056K, capacity 27382K, committed 27520K, reserved 1048576K
Event: 2660,687 GC heap after
Heap after GC invocations=225 (full 0):
 garbage-first heap   total 284672K, used 153213K [0x00000000c0000000, 0x00000000c01008b0, 0x0000000100000000)
  region size 1024K, 2 young (2048K), 2 survivors (2048K)
 Metaspace       used 180825K, capacity 199791K, committed 200272K, reserved 1222656K
  class space    used 22056K, capacity 27382K, committed 27520K, reserved 1048576K
}
Event: 2660,750 GC heap before
{Heap before GC invocations=225 (full 0):
 garbage-first heap   total 284672K, used 153213K [0x00000000c0000000, 0x00000000c01008b0, 0x0000000100000000)
  region size 1024K, 3 young (3072K), 2 survivors (2048K)
 Metaspace       used 180825K, capacity 199791K, committed 200272K, reserved 1222656K
  class space    used 22056K, capacity 27382K, committed 27520K, reserved 1048576K
Event: 2660,771 GC heap after
Heap after GC invocations=226 (full 0):
 garbage-first heap   total 284672K, used 152702K [0x00000000c0000000, 0x00000000c01008b0, 0x0000000100000000)
  region size 1024K, 2 young (2048K), 2 survivors (2048K)
 Metaspace       used 180825K, capacity 199791K, committed 200272K, reserved 1222656K
  class space    used 22056K, capacity 27382K, committed 27520K, reserved 1048576K
}

