# JRE version: Java(TM) SE Runtime Environment (8.0_151-b12) (build 1.8.0_151-b12)
# Java VM: Java HotSpot(TM) 64-Bit Server VM (25.151-b12 mixed mode linux-amd64 compressed oops)
Heap:
 garbage-first heap   total 446464K, used 345800K [0x00000000c0000000, 0x00000000c0100da0, 0x0000000100000000)
  region size 1024K, 65 young (66560K), 11 survivors (11264K)
 Metaspace       used 197161K, capacity 218239K, committed 219508K, reserved 1239040K
  class space    used 24059K, capacity 29952K, committed 30360K, reserved 1048576K
GC Heap History (10 events):
Event: 4137,656 GC heap before
{Heap before GC invocations=264 (full 0):
 garbage-first heap   total 446464K, used 391190K [0x00000000c0000000, 0x00000000c0100da0, 0x0000000100000000)
  region size 1024K, 196 young (200704K), 8 survivors (8192K)
 Metaspace       used 190860K, capacity 211955K, committed 212084K, reserved 1232896K
  class space    used 23348K, capacity 29328K, committed 29336K, reserved 1048576K
Event: 4137,670 GC heap after
Heap after GC invocations=265 (full 0):
 garbage-first heap   total 446464K, used 198166K [0x00000000c0000000, 0x00000000c0100da0, 0x0000000100000000)
  region size 1024K, 7 young (7168K), 7 survivors (7168K)
 Metaspace       used 190860K, capacity 211955K, committed 212084K, reserved 1232896K
  class space    used 23348K, capacity 29328K, committed 29336K, reserved 1048576K
}
Event: 4172,276 GC heap before
{Heap before GC invocations=265 (full 0):
 garbage-first heap   total 446464K, used 392726K [0x00000000c0000000, 0x00000000c0100da0, 0x0000000100000000)
  region size 1024K, 197 young (201728K), 7 survivors (7168K)
 Metaspace       used 191491K, capacity 212531K, committed 212724K, reserved 1232896K
  class space    used 23411K, capacity 29392K, committed 29464K, reserved 1048576K
Event: 4172,292 GC heap after
Heap after GC invocations=266 (full 0):
 garbage-first heap   total 446464K, used 200726K [0x00000000c0000000, 0x00000000c0100da0, 0x0000000100000000)
  region size 1024K, 10 young (10240K), 10 survivors (10240K)
 Metaspace       used 191491K, capacity 212531K, committed 212724K, reserved 1232896K
  class space    used 23411K, capacity 29392K, committed 29464K, reserved 1048576K
}
Event: 4184,618 GC heap before
{Heap before GC invocations=266 (full 0):
 garbage-first heap   total 446464K, used 391446K [0x00000000c0000000, 0x00000000c0100da0, 0x0000000100000000)
  region size 1024K, 194 young (198656K), 10 survivors (10240K)
 Metaspace       used 197035K, capacity 218095K, committed 218356K, reserved 1236992K
  class space    used 24138K, capacity 30114K, committed 30232K, reserved 1048576K
Event: 4184,637 GC heap after
Heap after GC invocations=267 (full 0):
 garbage-first heap   total 446464K, used 208918K [0x00000000c0000000, 0x00000000c0100da0, 0x0000000100000000)
  region size 1024K, 17 young (17408K), 17 survivors (17408K)
 Metaspace       used 197035K, capacity 218095K, committed 218356K, reserved 1236992K
  class space    used 24138K, capacity 30114K, committed 30232K, reserved 1048576K
}
Event: 4199,808 GC heap before
{Heap before GC invocations=267 (full 0):
 garbage-first heap   total 446464K, used 380950K [0x00000000c0000000, 0x00000000c0100da0, 0x0000000100000000)
  region size 1024K, 185 young (189440K), 17 survivors (17408K)
 Metaspace       used 197240K, capacity 218371K, committed 218612K, reserved 1236992K
  class space    used 24166K, capacity 30161K, committed 30232K, reserved 1048576K
Event: 4199,825 GC heap after
Heap after GC invocations=268 (full 0):
 garbage-first heap   total 446464K, used 203286K [0x00000000c0000000, 0x00000000c0100da0, 0x0000000100000000)
  region size 1024K, 11 young (11264K), 11 survivors (11264K)
 Metaspace       used 197240K, capacity 218371K, committed 218612K, reserved 1236992K
  class space    used 24166K, capacity 30161K, committed 30232K, reserved 1048576K
}
Event: 4202,344 GC heap before
{Heap before GC invocations=268 (full 0):
 garbage-first heap   total 446464K, used 279700K [0x00000000c0000000, 0x00000000c0100da0, 0x0000000100000000)
  region size 1024K, 81 young (82944K), 11 survivors (11264K)
 Metaspace       used 198359K, capacity 219317K, committed 219508K, reserved 1239040K
  class space    used 24313K, capacity 30338K, committed 30360K, reserved 1048576K
Event: 4202,361 GC heap after
Heap after GC invocations=269 (full 0):
 garbage-first heap   total 446464K, used 205653K [0x00000000c0000000, 0x00000000c0100da0, 0x0000000100000000)
  region size 1024K, 11 young (11264K), 11 survivors (11264K)
 Metaspace       used 198359K, capacity 219317K, committed 219508K, reserved 1239040K
  class space    used 24313K, capacity 30338K, committed 30360K, reserved 1048576K
}

